<?xml version="1.0"?>
<!DOCTYPE routes PUBLIC "-//Liferay//DTD Friendly URL Routes 6.1.0//EN" "http://www.liferay.com/dtd/liferay-friendly-url-routes_6_1_0.dtd">

<routes>
	<route>
		<pattern></pattern>
		<implicit-parameter name="jspPage">/view.jsp</implicit-parameter>
	</route>
	<route>
		<pattern>/logo.png</pattern>
		<ignored-parameter name="p_p_cacheability" />
		<implicit-parameter name="p_p_lifecycle">2</implicit-parameter>
		<implicit-parameter name="p_p_resource_id">logo.png</implicit-parameter>
	</route>
	<route>
		<pattern>{jspPage}</pattern>
		<ignored-parameter name="p_p_cacheability" />
		<ignored-parameter name="p_p_resource_id" />
	</route>
</routes>